IQ-TREE multicore version 2.2.0 COVID-edition for Linux 64-bit built Jun  1 2022
Developed by Bui Quang Minh, James Barbetti, Nguyen Lam Tung,
Olga Chernomor, Heiko Schmidt, Dominik Schrempf, Michael Woodhams, Ly Trong Nhan.

Host:    user-G482-Z51-00 (AVX2, FMA3, 4019 GB RAM)
Command: iqtree2 -te iqtree_shrinked_rooted.nwk -s filtered_aln.phy -m 10.12+FO+G6+I -asr -nt 16 --prefix anc --rate
Seed:    328535 (Using SPRNG - Scalable Parallel Random Number Generator)
Time:    Mon Oct 16 18:41:38 2023
Kernel:  AVX+FMA - 16 threads (256 CPU cores detected)

Reading alignment file filtered_aln.phy ... Phylip format detected
Alignment most likely contains DNA/RNA sequences
Constructing alignment: done in 0.00195551 secs using 44.39% CPU
Alignment has 51 sequences with 1137 columns, 640 distinct patterns
591 parsimony-informative, 65 singleton sites, 481 constant sites
        Gap/Ambiguity  Composition  p-value
Analyzing sequences: done in 5.32195e-05 secs using 43.22% CPU
   1  RN_1      0.26%    passed     56.12%
   2  RN_2      0.00%    passed     96.64%
   3  RN_3      0.00%    passed     88.99%
   4  RN_4      0.00%    passed     10.18%
   5  RN_5      0.00%    passed     74.53%
   6  RN_6      0.00%    failed      0.35%
   7  RN_7      0.00%    passed     58.43%
   8  RN_8      0.09%    passed     60.35%
   9  RN_9      0.00%    passed     64.34%
  10  RN_10     0.00%    passed     96.76%
  11  RN_11     0.00%    passed     95.54%
  12  RN_12     0.00%    passed     13.42%
  13  RN_13     0.00%    passed     19.82%
  14  RN_14     0.00%    passed     51.57%
  15  RN_15     0.00%    failed      4.22%
  16  RN_16     0.00%    passed     92.17%
  17  RN_17     0.09%    passed     32.14%
  18  RN_18     0.00%    passed     55.53%
  19  RN_19     0.00%    passed     93.40%
  20  RN_20     0.00%    passed     35.56%
  21  RN_21     0.00%    passed     86.84%
  22  RN_22     0.00%    passed     37.20%
  23  RN_23     0.00%    passed     59.26%
  24  RN_24     0.00%    passed     25.69%
  25  RN_25     0.00%    passed     56.95%
  26  RN_26     0.00%    passed     75.14%
  27  RN_27     0.00%    passed     56.25%
  28  RN_28     0.00%    passed     72.11%
  29  RN_29     0.00%    passed     19.01%
  30  RN_30     0.00%    passed     32.28%
  31  RN_31     0.00%    failed      1.17%
  32  RN_32     0.00%    passed     16.02%
  33  RN_33     0.00%    passed     41.85%
  34  RN_34     0.00%    passed     20.15%
  35  RN_35     0.00%    passed      6.87%
  36  RN_36     0.00%    passed     29.17%
  37  RN_37     0.00%    passed     69.86%
  38  RN_38     0.00%    failed      2.12%
  39  RN_39     0.00%    passed     15.99%
  40  RN_40     0.00%    failed      3.57%
  41  RN_41     0.00%    failed      0.08%
  42  RN_42     0.00%    failed      0.07%
  43  RN_43     0.26%    passed     39.59%
  44  OUTGRP    0.00%    failed      0.03%
  45  RN_45     0.00%    passed     42.27%
  46  RN_46     0.00%    passed     47.53%
  47  RN_47     0.00%    failed      3.96%
  48  RN_48     0.00%    failed      3.96%
  49  RN_49     0.00%    passed     15.60%
  50  RN_50     0.00%    failed      3.87%
  51  RN_51     0.00%    passed     15.73%
****  TOTAL     0.01%  11 sequences failed composition chi2 test (p-value<5%; df=3)
Reading input tree file iqtree_shrinked_rooted.nwk ... rooted tree

NOTE: 6 MB RAM (0 GB) is required!
WARNING: Number of threads seems too high for short alignments. Use -T AUTO to determine best number of threads.
Estimate model parameters (epsilon = 0.010)
Thoroughly optimizing +I+G parameters from 10 start values...
Init pinv, alpha: 0.000, 1.000 / Estimate: 0.000, 0.175 / LogL: -22034.414
Init pinv, alpha: 0.047, 1.000 / Estimate: 0.364, 0.473 / LogL: -21996.923
Init pinv, alpha: 0.094, 1.000 / Estimate: 0.364, 0.475 / LogL: -21996.921
Init pinv, alpha: 0.141, 1.000 / Estimate: 0.364, 0.474 / LogL: -21996.916
Init pinv, alpha: 0.188, 1.000 / Estimate: 0.364, 0.473 / LogL: -21996.922
Init pinv, alpha: 0.235, 1.000 / Estimate: 0.364, 0.473 / LogL: -21996.934
Init pinv, alpha: 0.282, 1.000 / Estimate: 0.364, 0.475 / LogL: -21996.924
Init pinv, alpha: 0.329, 1.000 / Estimate: 0.364, 0.476 / LogL: -21996.931
Init pinv, alpha: 0.376, 1.000 / Estimate: 0.364, 0.476 / LogL: -21996.918
Init pinv, alpha: 0.423, 1.000 / Estimate: 0.364, 0.476 / LogL: -21996.923
Optimal pinv,alpha: 0.364, 0.474 / LogL: -21996.916

Parameters optimization took 34.784 sec
Wrote distance file to... 
BEST SCORE FOUND : -21996.916
Ancestral state probabilities printed to anc.state
Empirical proportions for each category: 0.423 0.077 0.081 0.113 0.106 0.097 0.105
Site rates printed to anc.rate
Total tree length: 30.959

Total number of iterations: 0
CPU time used for tree search: 0.000 sec (0h:0m:0s)
Wall-clock time used for tree search: 0.000 sec (0h:0m:0s)
Total CPU time used: 561.206 sec (0h:9m:21s)
Total wall-clock time used: 35.120 sec (0h:0m:35s)

Analysis results written to: 
  IQ-TREE report:                anc.iqtree
  Maximum-likelihood tree:       anc.treefile
  Site-specific rates:           anc.rate
  Ancestral state:               anc.state
  Screen log file:               anc.log

Date and Time: Mon Oct 16 18:42:13 2023
