IQ-TREE 2.2.0 COVID-edition built Jun  1 2022

Input file name: filtered_aln.phy
User tree file name: iqtree_shrinked_rooted.nwk
Type of analysis: tree reconstruction
Random seed number: 328535

REFERENCES
----------

To cite IQ-TREE please use:

Bui Quang Minh, Heiko A. Schmidt, Olga Chernomor, Dominik Schrempf,
Michael D. Woodhams, Arndt von Haeseler, and Robert Lanfear (2020)
IQ-TREE 2: New models and efficient methods for phylogenetic inference
in the genomic era. Mol. Biol. Evol., in press.
https://doi.org/10.1093/molbev/msaa015

SEQUENCE ALIGNMENT
------------------

Input data: 51 sequences with 1137 nucleotide sites
Number of constant sites: 481 (= 42.3043% of all sites)
Number of invariant (constant or ambiguous constant) sites: 481 (= 42.3043% of all sites)
Number of parsimony informative sites: 591
Number of distinct site patterns: 640

SUBSTITUTION PROCESS
--------------------

Model of substitution: RY10.12+I+G6

Rate parameter R:

  A-C: 0.0734
  A-G: 0.3838
  A-T: 0.1925
  C-A: 0.1455
  C-G: 0.0548
  C-T: 2.5394
  G-A: 3.7478
  G-C: 0.1456
  G-T: 0.1202
  T-A: 0.1198
  T-C: 4.3969
  T-G: 0.0804

State frequencies: (estimated with maximum likelihood)

  pi(A) = 0.3838
  pi(C) = 0.3563
  pi(G) = 0.04585
  pi(T) = 0.2141

Rate matrix Q:

  A   -0.2714   0.03065    0.1603   0.08041
  C   0.06078    -1.145   0.02288     1.061
  G     1.566   0.06084    -1.677   0.05021
  T   0.05006     1.837    0.0336    -1.921

Model of rate heterogeneity: Invar+Gamma with 6 categories
Proportion of invariable sites: 0.364
Gamma shape alpha: 0.4735

 Category  Relative_rate  Proportion
  0         0              0.364
  1         0.01891        0.106
  2         0.1486         0.106
  3         0.4525         0.106
  4         1.021          0.106
  5         2.115          0.106
  6         5.679          0.106
Relative rates are computed as MEAN of the portion of the Gamma distribution falling in the category.

USER TREE
---------

Log-likelihood of the tree: -21996.9164 (s.e. 609.3783)
Unconstrained log-likelihood (without tree): -5650.6256
Number of free parameters (#branches + #model parameters): 111
Akaike information criterion (AIC) score: 44215.8327
Corrected Akaike information criterion (AICc) score: 44240.0903
Bayesian information criterion (BIC) score: 44774.8452

Total tree length (sum of branch lengths): 30.9594
Sum of internal branch lengths: 11.5177 (37.2027% of tree length)

WARNING: 1 near-zero internal branches (<0.0009) should be treated with caution
         Such branches are denoted by '**' in the figure below

NOTE: Tree is ROOTED at virtual root '__root__'

                                                                    +--RN_1
                                               +--------------------| (Node11)
                                               |                    +--RN_43
                                           +---| (Node10)
                                           |   |                    +--RN_7
                                           |   |                 +--| (Node18)
                                           |   |                 |  +**RN_9
                                           |   |              +--| (Node17)
                                           |   |              |  +--RN_8
                                           |   |           +--| (Node16)
                                           |   |           |  +--RN_17
                                           |   |        +--| (Node15)
                                           |   |        |  |  +--RN_12
                                           |   |        |  +--| (Node19)
                                           |   |        |     +--RN_13
                                           |   |     +--| (Node14)
                                           |   |     |  |     +--RN_15
                                           |   |     |  |  +--| (Node21)
                                           |   |     |  |  |  |  +--RN_47
                                           |   |     |  |  |  +--| (Node22)
                                           |   |     |  |  |     +--RN_48
                                           |   |     |  +--| (Node20)
                                           |   |     |     |  +--RN_16
                                           |   |     |     +--| (Node23)
                                           |   |     |        |  +--RN_45
                                           |   |     |        +--| (Node24)
                                           |   |     |           +--RN_46
                                           |   |  +--| (Node13)
                                           |   |  |  +--RN_14
                                           |   +--| (Node12)
                                           |      +--RN_18
                                        +--| (Node9)
                                        |  |                    +--RN_2
                                        |  |                 +--| (Node31)
                                        |  |                 |  +--RN_21
                                        |  |              +--| (Node30)
                                        |  |              |  +--RN_5
                                        |  |           +--| (Node29)
                                        |  |           |  |              +--RN_10
                                        |  |           |  |           +--| (Node36)
                                        |  |           |  |           |  +--RN_11
                                        |  |           |  |        +--| (Node35)
                                        |  |           |  |        |  +--RN_22
                                        |  |           |  |     +--| (Node34)
                                        |  |           |  |     |  +--RN_25
                                        |  |           |  |  +--| (Node33)
                                        |  |           |  |  |  +--RN_23
                                        |  |           |  +--| (Node32)
                                        |  |           |     |  +--RN_24
                                        |  |           |     +--| (Node37)
                                        |  |           |        +--RN_26
                                        |  |        +--| (Node28)
                                        |  |        |  +--RN_3
                                        |  |     +--| (Node27)
                                        |  |     |  +---RN_4
                                        |  |  +--| (Node26)
                                        |  |  |  |  +--RN_27
                                        |  |  |  +--| (Node38)
                                        |  |  |     +--RN_28
                                        |  +--| (Node25)
                                        |     |     +-----RN_19
                                        |     |  +--| (Node40)
                                        |     |  |  +---RN_20
                                        |     +--| (Node39)
                                        |        +------------RN_29
                                 +------| (Node8)
                                 |      +-----------RN_6
                              +--| (Node7)
                              |  |     +---RN_31
                              |  |  +--| (Node42)
                              |  |  |  +----RN_33
                              |  +--| (Node41)
                              |     |     +-----RN_38
                              |     |  +--| (Node44)
                              |     |  |  +-------RN_51
                              |     +--| (Node43)
                              |        +------RN_39
                           +--| (Node6)
                           |  |  +-----RN_32
                           |  +--| (Node45)
                           |     |  +------RN_35
                           |     +--| (Node46)
                           |        |  +------RN_36
                           |        +--| (Node47)
                           |           |  +-----RN_40
                           |           +--| (Node48)
                           |              |    +--RN_41
                           |              +----| (Node49)
                           |                   +--RN_42
                        +--| (Node5)
                        |  +-------RN_34
                     +--| (Node4)
                     |  +-------RN_37
                  +**| (Node3)
                  |  +-----RN_30
+-----------------| (Node2)
|                 |  +--RN_49
|                 +--| (Node50)
|                    +---RN_50
| (Node1)
+-----------------OUTGRP
|
+**__root__

Tree in newick format:

(((((((((((RN_1:0.0946412340,RN_43:0.2107840528)Node11:2.1041532536,(((((((RN_7:0.0038581034,RN_9:0.0004542032)Node18:0.0357822391,RN_8:0.0257631551)Node17:0.0513844092,RN_17:0.1062283160)Node16:0.0718162949,(RN_12:0.0363556118,RN_13:0.0635758756)Node19:0.1303646869)Node15:0.1034719723,((RN_15:0.1459736273,(RN_47:0.0180950947,RN_48:0.0089255316)Node22:0.1826583988)Node21:0.1182825558,(RN_16:0.2374555724,(RN_45:0.0029333087,RN_46:0.0130637057)Node24:0.1074829209)Node23:0.0370985452)Node20:0.2439480589)Node14:0.0509927825,RN_14:0.2000475626)Node13:0.1534223728,RN_18:0.1557722886)Node12:0.3894401848)Node10:0.4540518696,(((((((RN_2:0.2708794935,RN_21:0.2410342270)Node31:0.0577821257,RN_5:0.3530490386)Node30:0.0556254942,(((((RN_10:0.0265843751,RN_11:0.0287359780)Node36:0.2128532871,RN_22:0.1653964987)Node35:0.0396701899,RN_25:0.2143992184)Node34:0.0168343576,RN_23:0.2329840394)Node33:0.0197435598,(RN_24:0.1522688906,RN_26:0.2543157003)Node37:0.0657220448)Node32:0.1699766757)Node29:0.1080328795,RN_3:0.3322902795)Node28:0.2435484879,RN_4:0.4385524729)Node27:0.1532828517,(RN_27:0.2922381547,RN_28:0.2976045266)Node38:0.0885740016)Node26:0.1950338465,((RN_19:0.6683795913,RN_20:0.4517426554)Node40:0.3503035603,RN_29:1.3667881866)Node39:0.3664347414)Node25:0.0807783463)Node9:0.1509488392,RN_6:1.1943364580)Node8:0.6869763797,((RN_31:0.4031692450,RN_33:0.4966250900)Node42:0.2169116739,((RN_38:0.6431576618,RN_51:0.8638302474)Node44:0.0656957143,RN_39:0.7569264808)Node43:0.1106835229)Node41:0.0787050222)Node7:0.1478206623,(RN_32:0.6327548884,(RN_35:0.7811383817,(RN_36:0.7832782632,(RN_40:0.6851080583,(RN_41:0.0951408566,RN_42:0.1311847591)Node49:0.5637082566)Node48:0.2189938078)Node47:0.0425219626)Node46:0.1413834502)Node45:0.1326267897)Node6:0.0755725829,RN_34:0.8531990055)Node5:0.0323703039,RN_37:0.8207340425)Node4:0.2380845317,RN_30:0.6472969393)Node3:0.0000018620,(RN_49:0.3477816591,RN_50:0.4079423183)Node50:0.3785376412)Node2:1.7776461244,OUTGRP:1.7869116918)Node1:0.0000000000;

TIME STAMP
----------

Date and time: Mon Oct 16 18:42:13 2023
Total CPU time used: 561.205591 seconds (0h:9m:21s)
Total wall-clock time used: 35.1212221 seconds (0h:0m:35s)

